<?xml version="1.0" encoding="UTF-8"?>
<!-- Generated by org.testng.reporters.JUnitXMLReporter -->
<testsuite ignored="0" hostname="INLEN8520066243" failures="2" tests="6" name="Surefire test" time="30.606" errors="0" timestamp="2024-09-06T12:26:33 IST">
  <testcase classname="io.cucumber.testng.AbstractTestNGCucumberTests" name="runScenario" time="26.999">
    <failure type="java.lang.AssertionError" message="expected [Apple] but found [Pineapple]">
      <![CDATA[java.lang.AssertionError: expected [Apple] but found [Pineapple]
at stepDefinitions.OfferPageStepDefinition.validate_Product_name_in_offerPage(OfferPageStepDefinition.java:43)
at ✽.validate product name in offers Page matces with Landing Page(file:///C:/Users/THILAKN/eclipse-workspace/CucumberFramework1/src/test/java/features/searchProduct.feature:9)
... Removed 6 stack frames]]>
    </failure>
  </testcase> <!-- runScenario -->
  <testcase classname="io.cucumber.testng.AbstractTestNGCucumberTests" name="runScenario" time="26.999">
    <failure type="java.lang.AssertionError" message="expected [Musk Melon] but found [No data]">
      <![CDATA[java.lang.AssertionError: expected [Musk Melon] but found [No data]
at stepDefinitions.OfferPageStepDefinition.validate_Product_name_in_offerPage(OfferPageStepDefinition.java:43)
at ✽.validate product name in offers Page matces with Landing Page(file:///C:/Users/THILAKN/eclipse-workspace/CucumberFramework1/src/test/java/features/searchProduct.feature:9)
... Removed 6 stack frames]]>
    </failure>
  </testcase> <!-- runScenario -->
  <testcase classname="io.cucumber.testng.AbstractTestNGCucumberTests" name="runScenario" time="28.103"/>
  <testcase classname="io.cucumber.testng.AbstractTestNGCucumberTests" name="runScenario" time="28.528"/>
  <testcase classname="io.cucumber.testng.AbstractTestNGCucumberTests" name="runScenario" time="28.605"/>
  <testcase classname="io.cucumber.testng.AbstractTestNGCucumberTests" name="runScenario" time="28.76"/>
</testsuite> <!-- Surefire test -->
