<?xml version="1.0" encoding="UTF-8"?>
<!-- Generated by org.testng.reporters.JUnitXMLReporter -->
<testsuite ignored="0" hostname="INLEN8520066243" failures="2" tests="2" name="Default test" time="13.579" errors="0" timestamp="2024-09-06T12:15:10 IST">
  <testcase classname="io.cucumber.testng.AbstractTestNGCucumberTests" name="runScenario" time="11.182">
    <failure type="java.lang.AssertionError" message="expected [Musk Melon] but found [No data]">
      <![CDATA[java.lang.AssertionError: expected [Musk Melon] but found [No data]
at org.testng.Assert.fail(Assert.java:111)
at org.testng.Assert.failNotEquals(Assert.java:1578)
at org.testng.Assert.assertEqualsImpl(Assert.java:150)
at org.testng.Assert.assertEquals(Assert.java:132)
at org.testng.Assert.assertEquals(Assert.java:656)
at org.testng.Assert.assertEquals(Assert.java:666)
at stepDefinitions.OfferPageStepDefinition.validate_Product_name_in_offerPage(OfferPageStepDefinition.java:43)
at ✽.validate product name in offers Page matces with Landing Page(file:///C:/Users/THILAKN/eclipse-workspace/CucumberFramework1/src/test/java/features/searchProduct.feature:9)
]]>
    </failure>
  </testcase> <!-- runScenario -->
  <testcase classname="io.cucumber.testng.AbstractTestNGCucumberTests" name="runScenario" time="11.671">
    <failure type="java.lang.AssertionError" message="expected [Apple] but found [Pineapple]">
      <![CDATA[java.lang.AssertionError: expected [Apple] but found [Pineapple]
at org.testng.Assert.fail(Assert.java:111)
at org.testng.Assert.failNotEquals(Assert.java:1578)
at org.testng.Assert.assertEqualsImpl(Assert.java:150)
at org.testng.Assert.assertEquals(Assert.java:132)
at org.testng.Assert.assertEquals(Assert.java:656)
at org.testng.Assert.assertEquals(Assert.java:666)
at stepDefinitions.OfferPageStepDefinition.validate_Product_name_in_offerPage(OfferPageStepDefinition.java:43)
at ✽.validate product name in offers Page matces with Landing Page(file:///C:/Users/THILAKN/eclipse-workspace/CucumberFramework1/src/test/java/features/searchProduct.feature:9)
]]>
    </failure>
  </testcase> <!-- runScenario -->
</testsuite> <!-- Default test -->
